[debug] [2018-03-28T03:12:03.274Z] ----------------------------------------------------------------------
[debug] [2018-03-28T03:12:03.279Z] Command:       C:\Program Files\nodejs\node.exe C:\Users\ingca\AppData\Roaming\npm\node_modules\firebase-tools\bin\firebase deploy
[debug] [2018-03-28T03:12:03.279Z] CLI Version:   3.17.4
[debug] [2018-03-28T03:12:03.279Z] Platform:      win32
[debug] [2018-03-28T03:12:03.279Z] Node Version:  v8.10.0
[debug] [2018-03-28T03:12:03.280Z] Time:          Tue Mar 27 2018 22:12:03 GMT-0500 (SA Pacific Standard Time)
[debug] [2018-03-28T03:12:03.280Z] ----------------------------------------------------------------------
[debug] 
[debug] [2018-03-28T03:12:03.303Z] > command requires scopes: ["email","openid","https://www.googleapis.com/auth/cloudplatformprojects.readonly","https://www.googleapis.com/auth/firebase","https://www.googleapis.com/auth/cloud-platform"]
[debug] [2018-03-28T03:12:03.305Z] > authorizing via signed-in user
[debug] [2018-03-28T03:12:03.310Z] >>> HTTP REQUEST GET https://admin.firebase.com/v1/projects/medingenio-public  
  
 Tue Mar 27 2018 22:12:03 GMT-0500 (SA Pacific Standard Time)
[debug] [2018-03-28T03:12:03.964Z] <<< HTTP RESPONSE 200
[debug] [2018-03-28T03:12:03.966Z] >>> HTTP REQUEST GET https://admin.firebase.com/v1/database/medingenio-public/tokens  
  
 Tue Mar 27 2018 22:12:03 GMT-0500 (SA Pacific Standard Time)
[debug] [2018-03-28T03:12:04.613Z] <<< HTTP RESPONSE 200
[info] 
[info] === Deploying to 'medingenio-public'...
[info] 
[info] i  deploying hosting
[info] i  hosting: preparing dist directory for upload...
[debug] [2018-03-28T03:12:11.246Z] >>> HTTP REQUEST PUT https://deploy.firebase.com/v1/hosting/medingenio-public/uploads/-L8e_opPEjW6YX09Xqs2?fileCount=277&message=  
  
 Tue Mar 27 2018 22:12:11 GMT-0500 (SA Pacific Standard Time)
